<?xml version="1.0" encoding="UTF-8"?>
<testsuite xmlns:xsi="http://www.w3.org/2001/XMLSchema-instance" xsi:noNamespaceSchemaLocation="https://maven.apache.org/surefire/maven-surefire-plugin/xsd/surefire-test-report.xsd" name="TestSuite" time="13.795" tests="2" errors="0" skipped="0" failures="2">
  <properties>
[...]
</properties>
  <testcase name="runScenario" classname="testRunner.TestRunner" time="12.686">
    <failure message="Layout test failed" type="java.lang.AssertionError">java.lang.AssertionError: Layout test failed
</failure>
    <system-out><![CDATA[(1360, 998)
2022-10-10 14:34:38 INFO  Log:23 - The case named 'Go to NesineCom homepage' in 'Chrome Layout Testing for Login Button NesineCom' scenario became PASSED
0 [TestNG-PoolService-0] INFO helpers.Log  - The case named 'Go to NesineCom homepage' in 'Chrome Layout Testing for Login Button NesineCom' scenario became PASSED
(1360, 973)
2022-10-10 14:34:40 INFO  Log:23 - The case named 'Go to NesineCom homepage' in 'Firefox Layout Testing for Login Button NesineCom' scenario became PASSED
2425 [TestNG-PoolService-1] INFO helpers.Log  - The case named 'Go to NesineCom homepage' in 'Firefox Layout Testing for Login Button NesineCom' scenario became PASSED
2425 [TestNG-PoolService-1] INFO helpers.Log  - The case named 'Go to NesineCom homepage' in 'Firefox Layout Testing for Login Button NesineCom' scenario became PASSED
2022-10-10 14:34:41 INFO  Log:23 - The case named 'Go to NesineCom homepage' in 'Chrome Layout Testing for Login Button NesineCom' scenario became PASSED
3463 [TestNG-PoolService-0] INFO helpers.Log  - The case named 'Go to NesineCom homepage' in 'Chrome Layout Testing for Login Button NesineCom' scenario became PASSED
3463 [TestNG-PoolService-0] INFO helpers.Log  - The case named 'Go to NesineCom homepage' in 'Chrome Layout Testing for Login Button NesineCom' scenario became PASSED
3463 [TestNG-PoolService-0] INFO helpers.Log  - The case named 'Go to NesineCom homepage' in 'Chrome Layout Testing for Login Button NesineCom' scenario became PASSED
2022-10-10 14:34:44 INFO  Log:23 - The case named 'Go to NesineCom homepage' in 'Firefox Layout Testing for Login Button NesineCom' scenario became PASSED
5959 [TestNG-PoolService-1] INFO helpers.Log  - The case named 'Go to NesineCom homepage' in 'Firefox Layout Testing for Login Button NesineCom' scenario became PASSED
5959 [TestNG-PoolService-1] INFO helpers.Log  - The case named 'Go to NesineCom homepage' in 'Firefox Layout Testing for Login Button NesineCom' scenario became PASSED
5959 [TestNG-PoolService-1] INFO helpers.Log  - The case named 'Go to NesineCom homepage' in 'Firefox Layout Testing for Login Button NesineCom' scenario became PASSED
5959 [TestNG-PoolService-1] INFO helpers.Log  - The case named 'Go to NesineCom homepage' in 'Firefox Layout Testing for Login Button NesineCom' scenario became PASSED
2022-10-10 14:34:46 ERROR Log:33 - The case named 'Go to NesineCom homepage' in 'Chrome Layout Testing for Login Button NesineCom' scenario became FAILED on''
Error Details:
java.lang.AssertionError: Layout test failed
7718 [TestNG-PoolService-0] ERROR helpers.Log  - The case named 'Go to NesineCom homepage' in 'Chrome Layout Testing for Login Button NesineCom' scenario became FAILED on''
Error Details:
java.lang.AssertionError: Layout test failed
7718 [TestNG-PoolService-0] ERROR helpers.Log  - The case named 'Go to NesineCom homepage' in 'Chrome Layout Testing for Login Button NesineCom' scenario became FAILED on''
Error Details:
java.lang.AssertionError: Layout test failed
7718 [TestNG-PoolService-0] ERROR helpers.Log  - The case named 'Go to NesineCom homepage' in 'Chrome Layout Testing for Login Button NesineCom' scenario became FAILED on''
Error Details:
java.lang.AssertionError: Layout test failed
7718 [TestNG-PoolService-0] ERROR helpers.Log  - The case named 'Go to NesineCom homepage' in 'Chrome Layout Testing for Login Button NesineCom' scenario became FAILED on''
Error Details:
java.lang.AssertionError: Layout test failed
7718 [TestNG-PoolService-0] ERROR helpers.Log  - The case named 'Go to NesineCom homepage' in 'Chrome Layout Testing for Login Button NesineCom' scenario became FAILED on''
Error Details:
java.lang.AssertionError: Layout test failed
2022-10-10 14:34:46 ERROR Log:33 - The case named 'Go to NesineCom homepage' in 'Firefox Layout Testing for Login Button NesineCom' scenario became FAILED on''
Error Details:
java.lang.AssertionError: Layout test failed
8144 [TestNG-PoolService-1] ERROR helpers.Log  - The case named 'Go to NesineCom homepage' in 'Firefox Layout Testing for Login Button NesineCom' scenario became FAILED on''
Error Details:
java.lang.AssertionError: Layout test failed
8144 [TestNG-PoolService-1] ERROR helpers.Log  - The case named 'Go to NesineCom homepage' in 'Firefox Layout Testing for Login Button NesineCom' scenario became FAILED on''
Error Details:
java.lang.AssertionError: Layout test failed
8144 [TestNG-PoolService-1] ERROR helpers.Log  - The case named 'Go to NesineCom homepage' in 'Firefox Layout Testing for Login Button NesineCom' scenario became FAILED on''
Error Details:
java.lang.AssertionError: Layout test failed
8144 [TestNG-PoolService-1] ERROR helpers.Log  - The case named 'Go to NesineCom homepage' in 'Firefox Layout Testing for Login Button NesineCom' scenario became FAILED on''
Error Details:
java.lang.AssertionError: Layout test failed
8144 [TestNG-PoolService-1] ERROR helpers.Log  - The case named 'Go to NesineCom homepage' in 'Firefox Layout Testing for Login Button NesineCom' scenario became FAILED on''
Error Details:
java.lang.AssertionError: Layout test failed
8144 [TestNG-PoolService-1] ERROR helpers.Log  - The case named 'Go to NesineCom homepage' in 'Firefox Layout Testing for Login Button NesineCom' scenario became FAILED on''
Error Details:
java.lang.AssertionError: Layout test failed
]]></system-out>
    <system-err><![CDATA[Oct 10, 2022 2:34:38 PM org.openqa.selenium.remote.ProtocolHandshake createSession
INFO: Detected dialect: W3C
Oct 10, 2022 2:34:40 PM org.openqa.selenium.remote.ProtocolHandshake createSession
INFO: Detected dialect: W3C
]]></system-err>
  </testcase>
  <testcase name="runScenario" classname="testRunner.TestRunner" time="12.686">
    <failure message="Layout test failed" type="java.lang.AssertionError">java.lang.AssertionError: Layout test failed
</failure>
  </testcase>
</testsuite>